<?xml version="1.0" encoding="UTF-8" standalone="no"?>
<testsuite errors="0" failures="3" name="io.cucumber.core.plugin.JUnitFormatter" skipped="0" tests="3" time="100.429">
    <testcase classname="Ticket.com Home Page" name="Login with valid credentials" time="35.489">
        <failure message="no such element: Unable to locate element: {&quot;method&quot;:&quot;xpath&quot;,&quot;selector&quot;:&quot;//*[@id=&quot;__next&quot;]/main/div[2]/header/div/div[2]/header/div/div/div[2]/div[3]/span&quot;}&#10;  (Session info: chrome=105.0.5195.127)&#10;For documentation on this error, please visit: https://selenium.dev/exceptions/#no_such_element&#10;Build info: version: '4.4.0', revision: 'e5c75ed026a'&#10;System info: host: 'LAP-YOGENDRAN', ip: '192.168.112.45', os.name: 'Windows 10', os.arch: 'amd64', os.version: '10.0', java.version: '17.0.3'&#10;Driver info: org.openqa.selenium.chrome.ChromeDriver&#10;Command: [12536fbd7d95a561f78c99c63ef3240c, findElement {using=xpath, value=//*[@id=&quot;__next&quot;]/main/div[2]/header/div/div[2]/header/div/div/div[2]/div[3]/span}]&#10;Capabilities {acceptInsecureCerts: false, browserName: chrome, browserVersion: 105.0.5195.127, chrome: {chromedriverVersion: 105.0.5195.52 (412c95e51883..., userDataDir: C:\Users\YOGEND~1.NIK\AppDa...}, goog:chromeOptions: {debuggerAddress: localhost:51022}, networkConnectionEnabled: false, pageLoadStrategy: normal, platformName: WINDOWS, proxy: Proxy(), se:cdp: ws://localhost:51022/devtoo..., se:cdpVersion: 105.0.5195.127, setWindowRect: true, strictFileInteractability: false, timeouts: {implicit: 0, pageLoad: 300000, script: 30000}, unhandledPromptBehavior: dismiss and notify, webauthn:extension:credBlob: true, webauthn:extension:largeBlob: true, webauthn:virtualAuthenticators: true}&#10;Session ID: 12536fbd7d95a561f78c99c63ef3240c" type="org.openqa.selenium.NoSuchElementException"><![CDATA[Given I am on home page.....................................................passed
When I click on the login link..............................................passed
And I entered the valid 'username' and 'password' and clicked on the login button.passed
Then I validate the 'usernameshortcut' on home page.........................failed

StackTrace:
org.openqa.selenium.NoSuchElementException: no such element: Unable to locate element: {"method":"xpath","selector":"//*[@id="__next"]/main/div[2]/header/div/div[2]/header/div/div/div[2]/div[3]/span"}
  (Session info: chrome=105.0.5195.127)
For documentation on this error, please visit: https://selenium.dev/exceptions/#no_such_element
Build info: version: '4.4.0', revision: 'e5c75ed026a'
System info: host: 'LAP-YOGENDRAN', ip: '192.168.112.45', os.name: 'Windows 10', os.arch: 'amd64', os.version: '10.0', java.version: '17.0.3'
Driver info: org.openqa.selenium.chrome.ChromeDriver
Command: [12536fbd7d95a561f78c99c63ef3240c, findElement {using=xpath, value=//*[@id="__next"]/main/div[2]/header/div/div[2]/header/div/div/div[2]/div[3]/span}]
Capabilities {acceptInsecureCerts: false, browserName: chrome, browserVersion: 105.0.5195.127, chrome: {chromedriverVersion: 105.0.5195.52 (412c95e51883..., userDataDir: C:\Users\YOGEND~1.NIK\AppDa...}, goog:chromeOptions: {debuggerAddress: localhost:51022}, networkConnectionEnabled: false, pageLoadStrategy: normal, platformName: WINDOWS, proxy: Proxy(), se:cdp: ws://localhost:51022/devtoo..., se:cdpVersion: 105.0.5195.127, setWindowRect: true, strictFileInteractability: false, timeouts: {implicit: 0, pageLoad: 300000, script: 30000}, unhandledPromptBehavior: dismiss and notify, webauthn:extension:credBlob: true, webauthn:extension:largeBlob: true, webauthn:virtualAuthenticators: true}
Session ID: 12536fbd7d95a561f78c99c63ef3240c
	at java.base/jdk.internal.reflect.NativeConstructorAccessorImpl.newInstance0(Native Method)
	at java.base/jdk.internal.reflect.NativeConstructorAccessorImpl.newInstance(NativeConstructorAccessorImpl.java:77)
	at java.base/jdk.internal.reflect.DelegatingConstructorAccessorImpl.newInstance(DelegatingConstructorAccessorImpl.java:45)
	at java.base/java.lang.reflect.Constructor.newInstanceWithCaller(Constructor.java:499)
	at java.base/java.lang.reflect.Constructor.newInstance(Constructor.java:480)
	at org.openqa.selenium.remote.codec.w3c.W3CHttpResponseCodec.createException(W3CHttpResponseCodec.java:200)
	at org.openqa.selenium.remote.codec.w3c.W3CHttpResponseCodec.decode(W3CHttpResponseCodec.java:133)
	at org.openqa.selenium.remote.codec.w3c.W3CHttpResponseCodec.decode(W3CHttpResponseCodec.java:53)
	at org.openqa.selenium.remote.HttpCommandExecutor.execute(HttpCommandExecutor.java:184)
	at org.openqa.selenium.remote.service.DriverCommandExecutor.invokeExecute(DriverCommandExecutor.java:167)
	at org.openqa.selenium.remote.service.DriverCommandExecutor.execute(DriverCommandExecutor.java:142)
	at org.openqa.selenium.remote.RemoteWebDriver.execute(RemoteWebDriver.java:547)
	at org.openqa.selenium.remote.ElementLocation$ElementFinder$2.findElement(ElementLocation.java:162)
	at org.openqa.selenium.remote.ElementLocation.findElement(ElementLocation.java:60)
	at org.openqa.selenium.remote.RemoteWebDriver.findElement(RemoteWebDriver.java:365)
	at org.openqa.selenium.remote.RemoteWebDriver.findElement(RemoteWebDriver.java:357)
	at org.openqa.selenium.support.pagefactory.DefaultElementLocator.findElement(DefaultElementLocator.java:70)
	at org.openqa.selenium.support.pagefactory.internal.LocatingElementHandler.invoke(LocatingElementHandler.java:39)
	at jdk.proxy2/jdk.proxy2.$Proxy24.click(Unknown Source)
	at pages_actions.TicketHomePage_Actions.gettextafterlogin(TicketHomePage_Actions.java:43)
	at steps.TicketHomePage_Steps.i_validated_the_on_home_page(TicketHomePage_Steps.java:53)
	at ✽.I validate the 'usernameshortcut' on home page(file:///C:/Users/yogendra.nikam/eclipse-workspace/cucumberfinal/src/test/java/features/TicketHomePage.feature:53)
]]></failure>
    </testcase>
    <testcase classname="Ticket.com Home Page" name="Login with invalid credentials" time="28.571">
        <failure message="Invalid user validation message is not displayed" type="java.lang.AssertionError"><![CDATA[Given I am on home page.....................................................passed
When I click on the login link..............................................passed
And I entered the invalid "cvstestuipath@gmail.com" and "Test@123" and clicked on the login button.passed
Then I validate the "Email or password doesn't match." or "reached" on screen.failed

StackTrace:
java.lang.AssertionError: Invalid user validation message is not displayed
	at org.junit.Assert.fail(Assert.java:89)
	at steps.TicketHomePage_Steps.i_validate_the_on_screen(TicketHomePage_Steps.java:81)
	at ✽.I validate the "Email or password doesn't match." or "reached" on screen(file:///C:/Users/yogendra.nikam/eclipse-workspace/cucumberfinal/src/test/java/features/TicketHomePage.feature:59)
]]></failure>
    </testcase>
    <testcase classname="Ticket.com Home Page" name="Login with invalid credentials 2" time="35.87">
        <failure message="Invalid user validation message is not displayed" type="java.lang.AssertionError"><![CDATA[Given I am on home page.....................................................passed
When I click on the login link..............................................passed
And I entered the invalid "cvstestuipath@gmail.com" and "Test@876" and clicked on the login button.passed
Then I validate the "Email or password doesn't match." or "reached" on screen.failed

StackTrace:
java.lang.AssertionError: Invalid user validation message is not displayed
	at org.junit.Assert.fail(Assert.java:89)
	at steps.TicketHomePage_Steps.i_validate_the_on_screen(TicketHomePage_Steps.java:81)
	at ✽.I validate the "Email or password doesn't match." or "reached" on screen(file:///C:/Users/yogendra.nikam/eclipse-workspace/cucumberfinal/src/test/java/features/TicketHomePage.feature:59)
]]></failure>
    </testcase>
</testsuite>
